авг. 26, 2021 12:13:22 AM Server.ClientServerTread run
INFO: Server: Установлено соединение с клиентом /127.0.0.1:23444
авг. 26, 2021 12:17:44 AM Server.ClientServerTread run
INFO: Server: Установлено соединение с клиентом /127.0.0.1:23444
авг. 26, 2021 12:19:58 AM Server.ClientServerTread run
INFO: Server: Установлено соединение с клиентом /127.0.0.1:23444
авг. 26, 2021 12:20:01 AM Server.ClientServerTread handShakeServer
INFO: Server: Пользователь user1 подключился
авг. 26, 2021 12:20:08 AM Server.ClientServerTread run
INFO: Server: Установлено соединение с клиентом /127.0.0.1:23444
авг. 26, 2021 12:20:11 AM Server.ClientServerTread handShakeServer
INFO: Server: Пользователь user2 подключился
авг. 26, 2021 12:20:22 AM Server.ClientServerTread mainServerLoop
INFO: Server: user1: privet user2
авг. 26, 2021 12:20:36 AM Server.ClientServerTread mainServerLoop
INFO: Server: user2: privet))
авг. 26, 2021 2:45:24 PM Server.ClientServerTread run
INFO: Server: Установлено соединение с клиентом /127.0.0.1:23444
авг. 26, 2021 2:45:29 PM Server.ClientServerTread handShakeServer
INFO: Server: Пользователь гыук1 подключился
авг. 26, 2021 2:45:31 PM Server.ClientServerTread mainServerLoop
INFO: Server: гыук1: рыорлваоа 
авг. 26, 2021 2:51:25 PM Server.ClientServerTread run
INFO: Server: Установлено соединение с клиентом /127.0.0.1:23444
авг. 26, 2021 2:53:24 PM Server.ClientServerTread run
INFO: Server: Установлено соединение с клиентом /127.0.0.1:23444
авг. 26, 2021 2:53:27 PM Server.ClientServerTread handShakeServer
INFO: Server: Пользователь user1 подключился
авг. 26, 2021 2:55:40 PM Server.ClientServerTread run
INFO: Server: Установлено соединение с клиентом /127.0.0.1:23444
авг. 26, 2021 2:55:45 PM Server.ClientServerTread handShakeServer
INFO: Server: Пользователь user1 подключился
авг. 26, 2021 2:56:51 PM Server.ClientServerTread run
INFO: Server: Установлено соединение с клиентом /127.0.0.1:23444
авг. 26, 2021 2:56:54 PM Server.ClientServerTread handShakeServer
INFO: Server: Пользователь user1 подключился
авг. 26, 2021 2:56:55 PM Server.ClientServerTread mainServerLoop
INFO: Server: user1: s,dmfn
авг. 26, 2021 2:56:56 PM Server.ClientServerTread mainServerLoop
INFO: Server: user1: dsfkjdlkf
авг. 26, 2021 2:56:57 PM Server.ClientServerTread mainServerLoop
INFO: Server: user1: ksdflkjd
авг. 26, 2021 2:58:22 PM Server.ClientServerTread run
INFO: Server: Установлено соединение с клиентом /127.0.0.1:23444
авг. 26, 2021 2:58:25 PM Server.ClientServerTread handShakeServer
INFO: Server: Пользователь user1 подключился
авг. 26, 2021 2:58:31 PM Server.ClientServerTread run
INFO: Server: Установлено соединение с клиентом /127.0.0.1:23444
авг. 26, 2021 2:58:34 PM Server.ClientServerTread handShakeServer
INFO: Server: Пользователь user2 подключился
авг. 26, 2021 2:58:42 PM Server.ClientServerTread mainServerLoop
INFO: Server: user1: ghbdtn user2
авг. 26, 2021 2:58:52 PM Server.ClientServerTread mainServerLoop
INFO: Server: user2: privet user1
авг. 26, 2021 3:39:02 PM Server.ClientServerTread run
INFO: Server: Установлено соединение с клиентом /127.0.0.1:23444
авг. 26, 2021 3:39:07 PM Server.ClientServerTread handShakeServer
INFO: Server: Пользователь user1 подключился
авг. 26, 2021 3:39:13 PM Server.ClientServerTread run
INFO: Server: Установлено соединение с клиентом /127.0.0.1:23444
авг. 26, 2021 3:39:16 PM Server.ClientServerTread handShakeServer
INFO: Server: Пользователь user2 подключился
авг. 26, 2021 3:39:30 PM Server.ClientServerTread mainServerLoop
INFO: Server: user2: hu user1
авг. 26, 2021 3:39:36 PM Server.ClientServerTread mainServerLoop
INFO: Server: user1: hi
авг. 26, 2021 3:39:50 PM Server.ClientServerTread mainServerLoop
INFO: Server: user2: /exit
авг. 26, 2021 3:40:14 PM Server.ClientServerTread mainServerLoop
INFO: Server: user1: dfsdf
авг. 26, 2021 3:48:31 PM Server.ClientServerTread run
INFO: Server: Установлено соединение с клиентом /127.0.0.1:23444
авг. 26, 2021 3:48:34 PM Server.ClientServerTread handShakeServer
INFO: Server: Пользователь user1 подключился
авг. 26, 2021 3:48:38 PM Server.ClientServerTread run
INFO: Server: Установлено соединение с клиентом /127.0.0.1:23444
авг. 26, 2021 3:48:42 PM Server.ClientServerTread handShakeServer
INFO: Server: Пользователь user2 подключился
авг. 26, 2021 3:48:49 PM Server.ClientServerTread mainServerLoop
INFO: Server: user2: /exit
авг. 26, 2021 3:50:54 PM Server.ClientServerTread run
INFO: Server: Установлено соединение с клиентом /127.0.0.1:23444
авг. 26, 2021 3:50:56 PM Server.ClientServerTread run
INFO: Server: Установлено соединение с клиентом /127.0.0.1:23444
авг. 26, 2021 3:51:00 PM Server.ClientServerTread handShakeServer
INFO: Server: Пользователь user1 подключился
авг. 26, 2021 3:51:05 PM Server.ClientServerTread handShakeServer
INFO: Server: Пользователь user2 подключился
авг. 26, 2021 3:51:15 PM Server.ClientServerTread mainServerLoop
INFO: Server: user1: /exit
авг. 26, 2021 3:51:55 PM Server.ClientServerTread run
INFO: Server: Установлено соединение с клиентом /127.0.0.1:23444
авг. 26, 2021 3:52:03 PM Server.ClientServerTread handShakeServer
INFO: Server: Пользователь user1 подключился
авг. 26, 2021 3:53:09 PM Server.ClientServerTread mainServerLoop
INFO: Server: user1: /exit
авг. 26, 2021 4:27:06 PM Server.ClientServerTread run
INFO: Server: Установлено соединение с клиентом /127.0.0.1:23444
авг. 26, 2021 4:27:09 PM Server.ClientServerTread handShakeServer
INFO: Server: Пользователь гыук1 подключился
авг. 26, 2021 4:27:14 PM Server.ClientServerTread mainServerLoop
INFO: Server: гыук1: /exit
авг. 26, 2021 4:27:41 PM Server.ClientServerTread run
INFO: Server: Установлено соединение с клиентом /127.0.0.1:23444
авг. 26, 2021 4:27:44 PM Server.ClientServerTread run
INFO: Server: Установлено соединение с клиентом /127.0.0.1:23444
авг. 26, 2021 4:27:47 PM Server.ClientServerTread handShakeServer
INFO: Server: Пользователь user1 подключился
авг. 26, 2021 4:27:59 PM Server.ClientServerTread run
INFO: Server: Установлено соединение с клиентом /127.0.0.1:23444
авг. 26, 2021 4:28:04 PM Server.ClientServerTread handShakeServer
INFO: Server: Пользователь user1 подключился
авг. 26, 2021 4:28:17 PM Server.ClientServerTread run
INFO: Server: Установлено соединение с клиентом /127.0.0.1:23444
авг. 26, 2021 4:28:20 PM Server.ClientServerTread handShakeServer
INFO: Server: Пользователь user2 подключился
авг. 26, 2021 4:28:26 PM Server.ClientServerTread mainServerLoop
INFO: Server: user2: /exit
авг. 26, 2021 4:30:30 PM Server.ClientServerTread run
INFO: Server: Установлено соединение с клиентом /127.0.0.1:23444
авг. 26, 2021 4:30:36 PM Server.ClientServerTread handShakeServer
INFO: Server: Пользователь user1 подключился
авг. 26, 2021 4:30:40 PM Server.ClientServerTread mainServerLoop
INFO: Server: user1: /exit
авг. 26, 2021 4:31:43 PM Server.ClientServerTread run
INFO: Server: Установлено соединение с клиентом /127.0.0.1:23444
авг. 26, 2021 4:31:48 PM Server.ClientServerTread handShakeServer
INFO: Server: Пользователь user1 подключился
авг. 26, 2021 4:32:39 PM Server.ClientServerTread mainServerLoop
INFO: Server: user1: /exit
авг. 26, 2021 4:33:17 PM Server.ClientServerTread run
INFO: Server: Установлено соединение с клиентом /127.0.0.1:23444
авг. 26, 2021 4:33:21 PM Server.ClientServerTread handShakeServer
INFO: Server: Пользователь user1 подключился
авг. 26, 2021 4:36:02 PM Server.ClientServerTread run
INFO: Server: Установлено соединение с клиентом /127.0.0.1:23444
авг. 26, 2021 4:36:06 PM Server.ClientServerTread handShakeServer
INFO: Server: Пользователь user1 подключился
авг. 26, 2021 4:36:09 PM Server.ClientServerTread mainServerLoop
INFO: Server: user1: exit
авг. 26, 2021 4:36:31 PM Server.ClientServerTread mainServerLoop
INFO: Server: user1: davda
авг. 26, 2021 4:38:05 PM Server.ClientServerTread run
INFO: Server: Установлено соединение с клиентом /127.0.0.1:23444
авг. 26, 2021 4:38:09 PM Server.ClientServerTread handShakeServer
INFO: Server: Пользователь user1 подключился
авг. 26, 2021 4:38:10 PM Server.ClientServerTread mainServerLoop
INFO: Server: user1: sfa
авг. 26, 2021 4:38:12 PM Server.ClientServerTread mainServerLoop
INFO: Server: user1: sfsa
авг. 26, 2021 4:40:35 PM Server.ClientServerTread run
INFO: Server: Установлено соединение с клиентом /127.0.0.1:23444
авг. 26, 2021 4:40:38 PM Server.ClientServerTread handShakeServer
INFO: Server: Пользователь user1 подключился
авг. 26, 2021 4:46:28 PM Server.ClientServerTread run
INFO: Server: Установлено соединение с клиентом /127.0.0.1:23444
авг. 26, 2021 4:46:48 PM Server.ClientServerTread handShakeServer
INFO: Server: Пользователь user1 подключился
авг. 26, 2021 4:49:14 PM Server.ClientServerTread run
INFO: Server: Установлено соединение с клиентом /127.0.0.1:23444
авг. 26, 2021 4:49:18 PM Server.ClientServerTread handShakeServer
INFO: Server: Пользователь user1 подключился
авг. 26, 2021 4:52:08 PM Server.ClientServerTread run
INFO: Server: Установлено соединение с клиентом /127.0.0.1:23444
авг. 26, 2021 4:52:11 PM Server.ClientServerTread handShakeServer
INFO: Server: Пользователь user1 подключился
авг. 26, 2021 4:52:43 PM Server.ClientServerTread run
INFO: Server: Установлено соединение с клиентом /127.0.0.1:23444
авг. 26, 2021 4:52:46 PM Server.ClientServerTread handShakeServer
INFO: Server: Пользователь user1 подключился
авг. 26, 2021 4:53:51 PM Server.ClientServerTread run
INFO: Server: Установлено соединение с клиентом /127.0.0.1:23444
авг. 26, 2021 4:53:54 PM Server.ClientServerTread handShakeServer
INFO: Server: Пользователь user1 подключился
авг. 26, 2021 4:57:33 PM Server.ClientServerTread run
INFO: Server: Установлено соединение с клиентом /127.0.0.1:23444
авг. 26, 2021 4:57:36 PM Server.ClientServerTread handShakeServer
INFO: Server: Пользователь user1 подключился
авг. 26, 2021 4:58:43 PM Server.ClientServerTread run
INFO: Server: Установлено соединение с клиентом /127.0.0.1:23444
авг. 26, 2021 4:58:44 PM Server.ClientServerTread run
INFO: Server: Установлено соединение с клиентом /127.0.0.1:23444
авг. 26, 2021 4:58:49 PM Server.ClientServerTread handShakeServer
INFO: Server: Пользователь user13 подключился
авг. 26, 2021 4:58:53 PM Server.ClientServerTread handShakeServer
INFO: Server: Пользователь user1 подключился
авг. 26, 2021 4:59:56 PM Server.ClientServerTread run
INFO: Server: Установлено соединение с клиентом /127.0.0.1:23444
авг. 26, 2021 5:00:01 PM Server.ClientServerTread handShakeServer
INFO: Server: Пользователь user1 подключился
авг. 26, 2021 5:02:42 PM Server.ClientServerTread run
INFO: Server: Установлено соединение с клиентом /127.0.0.1:23444
авг. 26, 2021 5:02:46 PM Server.ClientServerTread handShakeServer
INFO: Server: Пользователь user1 подключился
авг. 26, 2021 5:09:44 PM Server.ClientServerTread run
INFO: Server: Установлено соединение с клиентом /127.0.0.1:23444
авг. 26, 2021 5:09:46 PM Server.ClientServerTread handShakeServer
INFO: Server: Пользователь user1 подключился
авг. 26, 2021 5:09:49 PM Server.ClientServerTread mainServerLoop
INFO: Server: user1: dsgdsg
авг. 26, 2021 5:11:25 PM Server.ClientServerTread run
INFO: Server: Установлено соединение с клиентом /127.0.0.1:23444
авг. 26, 2021 5:11:28 PM Server.ClientServerTread run
INFO: Server: Установлено соединение с клиентом /127.0.0.1:23444
авг. 26, 2021 5:12:13 PM Server.ClientServerTread run
INFO: Server: Установлено соединение с клиентом /127.0.0.1:23444
авг. 26, 2021 5:12:16 PM Server.ClientServerTread handShakeServer
INFO: Server: Пользователь user1 подключился
авг. 26, 2021 5:12:18 PM Server.ClientServerTread mainServerLoop
INFO: Server: user1: kdsjlskjg
авг. 26, 2021 5:13:41 PM Server.ClientServerTread run
INFO: Server: Установлено соединение с клиентом /127.0.0.1:23444
авг. 26, 2021 5:13:43 PM Server.ClientServerTread run
INFO: Server: Установлено соединение с клиентом /127.0.0.1:23444
авг. 26, 2021 5:13:49 PM Server.ClientServerTread handShakeServer
INFO: Server: Пользователь user1 подключился
авг. 26, 2021 5:13:53 PM Server.ClientServerTread handShakeServer
INFO: Server: Пользователь user2 подключился
авг. 26, 2021 5:14:39 PM Server.ClientServerTread mainServerLoop
INFO: Server: user2: gds
авг. 26, 2021 5:15:01 PM Server.ClientServerTread run
INFO: Server: Установлено соединение с клиентом /127.0.0.1:23444
авг. 26, 2021 5:15:06 PM Server.ClientServerTread handShakeServer
INFO: Server: Пользователь user1 подключился
авг. 26, 2021 5:32:50 PM Server.ClientServerTread run
INFO: Server: Установлено соединение с клиентом /127.0.0.1:23444
авг. 26, 2021 5:32:55 PM Server.ClientServerTread handShakeServer
INFO: Server: Пользователь user1 подключился
авг. 26, 2021 5:32:59 PM Server.ClientServerTread run
INFO: Server: Установлено соединение с клиентом /127.0.0.1:23444
авг. 26, 2021 5:33:03 PM Server.ClientServerTread handShakeServer
INFO: Server: Пользователь user2 подключился
авг. 26, 2021 5:33:22 PM Server.ClientServerTread mainServerLoop
INFO: Server: user2: dsgdsg
авг. 26, 2021 5:33:59 PM Server.ClientServerTread run
INFO: Server: Установлено соединение с клиентом /127.0.0.1:23444
авг. 26, 2021 5:34:02 PM Server.ClientServerTread handShakeServer
INFO: Server: Пользователь user1 подключился
авг. 26, 2021 5:34:09 PM Server.ClientServerTread run
INFO: Server: Установлено соединение с клиентом /127.0.0.1:23444
авг. 26, 2021 5:34:12 PM Server.ClientServerTread handShakeServer
INFO: Server: Пользователь user2 подключился
авг. 26, 2021 5:34:17 PM Server.ClientServerTread mainServerLoop
INFO: Server: user2: tfhfdhfd
авг. 26, 2021 5:34:24 PM Server.ClientServerTread mainServerLoop
INFO: Server: user1: fhdfhfhdfh
авг. 26, 2021 5:35:39 PM Server.ClientServerTread mainServerLoop
INFO: Server: user1: sfasfasf
авг. 26, 2021 5:36:57 PM Server.ClientServerTread run
INFO: Server: Установлено соединение с клиентом /127.0.0.1:23444
авг. 26, 2021 5:37:00 PM Server.ClientServerTread run
INFO: Server: Установлено соединение с клиентом /127.0.0.1:23444
авг. 26, 2021 5:37:06 PM Server.ClientServerTread handShakeServer
INFO: Server: Пользователь user1 подключился
авг. 26, 2021 5:37:10 PM Server.ClientServerTread handShakeServer
INFO: Server: Пользователь user2 подключился
авг. 26, 2021 5:37:16 PM Server.ClientServerTread mainServerLoop
INFO: Server: user1: dzgdzgdg
авг. 26, 2021 5:37:19 PM Server.ClientServerTread mainServerLoop
INFO: Server: user2: dzgdgdz
авг. 26, 2021 5:37:28 PM Server.ClientServerTread mainServerLoop
INFO: Server: user1: xfnxcn
авг. 26, 2021 5:37:41 PM Server.ClientServerTread mainServerLoop
INFO: Server: user2: 565656
авг. 26, 2021 5:38:23 PM Server.ClientServerTread run
INFO: Server: Установлено соединение с клиентом /127.0.0.1:23444
авг. 26, 2021 5:38:26 PM Server.ClientServerTread handShakeServer
INFO: Server: Пользователь user1 подключился
авг. 26, 2021 5:38:31 PM Server.ClientServerTread run
INFO: Server: Установлено соединение с клиентом /127.0.0.1:23444
авг. 26, 2021 5:38:33 PM Server.ClientServerTread handShakeServer
INFO: Server: Пользователь user2 подключился
авг. 26, 2021 5:38:39 PM Server.ClientServerTread mainServerLoop
INFO: Server: user1: SFfsfsF
авг. 26, 2021 5:38:42 PM Server.ClientServerTread mainServerLoop
INFO: Server: user2: sfsfsf
авг. 26, 2021 5:38:48 PM Server.ClientServerTread mainServerLoop
INFO: Server: user1: SFsfsf
авг. 26, 2021 5:50:46 PM Server.ClientServerTread run
INFO: Server: Установлено соединение с клиентом /127.0.0.1:23444
авг. 26, 2021 5:50:48 PM Server.ClientServerTread run
INFO: Server: Установлено соединение с клиентом /127.0.0.1:23444
авг. 26, 2021 5:50:52 PM Server.ClientServerTread handShakeServer
INFO: Server: Пользователь uesr1 подключился
авг. 26, 2021 5:50:58 PM Server.ClientServerTread handShakeServer
INFO: Server: Пользователь user2 подключился
авг. 26, 2021 5:51:21 PM Server.ClientServerTread run
INFO: Server: Установлено соединение с клиентом /127.0.0.1:23444
авг. 26, 2021 5:51:30 PM Server.ClientServerTread handShakeServer
INFO: Server: Пользователь user1 подключился
авг. 26, 2021 5:51:47 PM Server.ClientServerTread mainServerLoop
INFO: Server: user1: fhjhgk
авг. 26, 2021 5:51:52 PM Server.ClientServerTread mainServerLoop
INFO: Server: user2: khlhlk
авг. 26, 2021 5:51:58 PM Server.ClientServerTread mainServerLoop
INFO: Server: user2: 165456
авг. 26, 2021 5:52:03 PM Server.ClientServerTread mainServerLoop
INFO: Server: user1: 76iuyyg
авг. 26, 2021 5:53:07 PM Server.ClientServerTread run
INFO: Server: Установлено соединение с клиентом /127.0.0.1:23444
авг. 26, 2021 5:53:09 PM Server.ClientServerTread run
INFO: Server: Установлено соединение с клиентом /127.0.0.1:23444
авг. 26, 2021 5:53:20 PM Server.ClientServerTread handShakeServer
INFO: Server: Пользователь user1 подключился
авг. 26, 2021 5:53:25 PM Server.ClientServerTread handShakeServer
INFO: Server: Пользователь user2 подключился
авг. 26, 2021 5:53:31 PM Server.ClientServerTread mainServerLoop
INFO: Server: user2: ghgjhdj
авг. 26, 2021 5:53:37 PM Server.ClientServerTread mainServerLoop
INFO: Server: user1: jhuhkjhjh hkj
авг. 26, 2021 5:53:41 PM Server.ClientServerTread mainServerLoop
INFO: Server: user2: 12315
авг. 26, 2021 5:53:46 PM Server.ClientServerTread mainServerLoop
INFO: Server: user1: 989856
авг. 26, 2021 5:55:54 PM Server.ClientServerTread run
INFO: Server: Установлено соединение с клиентом /127.0.0.1:23444
авг. 26, 2021 5:55:58 PM Server.ClientServerTread handShakeServer
INFO: Server: Пользователь user1 подключился
авг. 26, 2021 5:58:33 PM Server.ClientServerTread run
INFO: Server: Установлено соединение с клиентом /127.0.0.1:23444
авг. 26, 2021 5:58:58 PM Server.ClientServerTread run
INFO: Server: Установлено соединение с клиентом /127.0.0.1:23444
авг. 26, 2021 5:59:02 PM Server.ClientServerTread handShakeServer
INFO: Server: Пользователь user1 подключился
авг. 26, 2021 6:02:38 PM Server.ClientServerTread run
INFO: Server: Установлено соединение с клиентом /127.0.0.1:23444
авг. 26, 2021 6:02:41 PM Server.ClientServerTread handShakeServer
INFO: Server: Пользователь user1 подключился
авг. 26, 2021 6:02:42 PM Server.ClientServerTread mainServerLoop
INFO: Server: user1: hsfh
авг. 26, 2021 6:02:44 PM Server.ClientServerTread mainServerLoop
INFO: Server: user1: hsdhds
авг. 26, 2021 6:02:44 PM Server.ClientServerTread mainServerLoop
INFO: Server: user1: sdhsdh
авг. 26, 2021 6:03:41 PM Server.ClientServerTread run
INFO: Server: Установлено соединение с клиентом /127.0.0.1:23444
авг. 26, 2021 6:03:46 PM Server.ClientServerTread handShakeServer
INFO: Server: Пользователь user1 подключился
авг. 26, 2021 6:03:48 PM Server.ClientServerTread mainServerLoop
INFO: Server: user1: fhfxhfh
авг. 26, 2021 6:04:40 PM Server.ClientServerTread run
INFO: Server: Установлено соединение с клиентом /127.0.0.1:23444
авг. 26, 2021 6:04:43 PM Server.ClientServerTread handShakeServer
INFO: Server: Пользователь user1 подключился
авг. 26, 2021 9:06:38 PM Server.ClientServerTread run
INFO: Server: Установлено соединение с клиентом /127.0.0.1:23444
авг. 26, 2021 9:06:42 PM Server.ClientServerTread handShakeServer
INFO: Server: Пользователь user1 подключился
авг. 26, 2021 9:06:46 PM Server.ClientServerTread run
INFO: Server: Установлено соединение с клиентом /127.0.0.1:23444
авг. 26, 2021 9:06:49 PM Server.ClientServerTread handShakeServer
INFO: Server: Пользователь user2 подключился
авг. 26, 2021 9:06:59 PM Server.ClientServerTread mainServerLoop
INFO: Server: user2: safasf+
авг. 26, 2021 9:07:10 PM Server.ClientServerTread mainServerLoop
INFO: Server: user1: sererer
авг. 26, 2021 9:07:42 PM Server.ClientServerTread mainServerLoop
INFO: Server: user1: 1
авг. 26, 2021 9:07:42 PM Server.ClientServerTread mainServerLoop
INFO: Server: user1: 1
авг. 26, 2021 9:07:43 PM Server.ClientServerTread mainServerLoop
INFO: Server: user1: 11
авг. 26, 2021 9:08:19 PM Server.ClientServerTread run
INFO: Server: Установлено соединение с клиентом /127.0.0.1:23444
авг. 26, 2021 9:08:22 PM Server.ClientServerTread handShakeServer
INFO: Server: Пользователь user1 подключился
авг. 26, 2021 9:08:25 PM Server.ClientServerTread run
INFO: Server: Установлено соединение с клиентом /127.0.0.1:23444
авг. 26, 2021 9:08:28 PM Server.ClientServerTread handShakeServer
INFO: Server: Пользователь user2 подключился
авг. 26, 2021 9:08:36 PM Server.ClientServerTread mainServerLoop
INFO: Server: user1: 45465
авг. 26, 2021 9:08:47 PM Server.ClientServerTread mainServerLoop
INFO: Server: user2: sfgdsgd
авг. 26, 2021 9:10:41 PM Server.ClientServerTread run
INFO: Server: Установлено соединение с клиентом /127.0.0.1:23444
авг. 26, 2021 9:10:47 PM Server.ClientServerTread handShakeServer
INFO: Server: Пользователь user1 подключился
авг. 26, 2021 9:10:51 PM Server.ClientServerTread run
INFO: Server: Установлено соединение с клиентом /127.0.0.1:23444
авг. 26, 2021 9:10:56 PM Server.ClientServerTread handShakeServer
INFO: Server: Пользователь user2 подключился
авг. 26, 2021 9:11:03 PM Server.ClientServerTread mainServerLoop
INFO: Server: user2: afwafw
авг. 26, 2021 9:11:07 PM Server.ClientServerTread mainServerLoop
INFO: Server: user1: asfsfsaf
авг. 26, 2021 9:11:16 PM Server.ClientServerTread mainServerLoop
INFO: Server: user2: 213232
авг. 26, 2021 9:11:20 PM Server.ClientServerTread mainServerLoop
INFO: Server: user1: 12323124124v 4v
авг. 26, 2021 9:13:48 PM Server.ClientServerTread run
INFO: Server: Установлено соединение с клиентом /127.0.0.1:23444
авг. 26, 2021 9:13:53 PM Server.ClientServerTread handShakeServer
INFO: Server: Пользователь user1 подключился
авг. 26, 2021 9:23:55 PM Server.ClientServerTread run
INFO: Server: Установлено соединение с клиентом /127.0.0.1:23444
авг. 26, 2021 9:23:59 PM Server.ClientServerTread handShakeServer
INFO: Server: Пользователь user1 подключился
авг. 26, 2021 9:24:04 PM Server.ClientServerTread mainServerLoop
INFO: Server: user1: xljldjg
авг. 26, 2021 9:24:09 PM Server.ClientServerTread run
INFO: Server: Установлено соединение с клиентом /127.0.0.1:23444
авг. 26, 2021 9:24:13 PM Server.ClientServerTread handShakeServer
INFO: Server: Пользователь user2 подключился
авг. 26, 2021 9:24:24 PM Server.ClientServerTread mainServerLoop
INFO: Server: user1: privet user2
авг. 26, 2021 9:24:29 PM Server.ClientServerTread mainServerLoop
INFO: Server: user2: privet
авг. 26, 2021 9:24:43 PM Server.ClientServerTread mainServerLoop
INFO: Server: user2: 21.08.80
авг. 26, 2021 9:25:44 PM Server.ClientServerTread run
INFO: Server: Установлено соединение с клиентом /127.0.0.1:23444
авг. 26, 2021 9:25:47 PM Server.ClientServerTread handShakeServer
INFO: Server: Пользователь user1 подключился
авг. 26, 2021 9:25:50 PM Server.ClientServerTread mainServerLoop
INFO: Server: user1: dgd
авг. 26, 2021 9:25:56 PM Server.ClientServerTread run
INFO: Server: Установлено соединение с клиентом /127.0.0.1:23444
авг. 26, 2021 9:25:58 PM Server.ClientServerTread handShakeServer
INFO: Server: Пользователь user2 подключился
авг. 26, 2021 9:26:05 PM Server.ClientServerTread mainServerLoop
INFO: Server: user1: pribet
авг. 26, 2021 9:26:14 PM Server.ClientServerTread mainServerLoop
INFO: Server: user2: hi user1
авг. 26, 2021 9:26:51 PM Server.ClientServerTread mainServerLoop
INFO: Server: user1: fsdgds
авг. 26, 2021 9:28:41 PM Server.ClientServerTread run
INFO: Server: Установлено соединение с клиентом /127.0.0.1:23444
авг. 26, 2021 9:28:44 PM Server.ClientServerTread handShakeServer
INFO: Server: Пользователь user1 подключился
авг. 26, 2021 9:28:47 PM Server.ClientServerTread mainServerLoop
INFO: Server: user1: sgdsg
авг. 26, 2021 9:28:52 PM Server.ClientServerTread run
INFO: Server: Установлено соединение с клиентом /127.0.0.1:23444
авг. 26, 2021 9:28:55 PM Server.ClientServerTread handShakeServer
INFO: Server: Пользователь iuser2 подключился
авг. 26, 2021 9:28:59 PM Server.ClientServerTread mainServerLoop
INFO: Server: iuser2: dfhfdh
авг. 26, 2021 9:30:43 PM Server.ClientServerTread run
INFO: Server: Установлено соединение с клиентом /127.0.0.1:23444
авг. 26, 2021 9:30:47 PM Server.ClientServerTread handShakeServer
INFO: Server: Пользователь user1 подключился
авг. 26, 2021 9:30:49 PM Server.ClientServerTread mainServerLoop
INFO: Server: user1: fxdbd
авг. 26, 2021 9:30:54 PM Server.ClientServerTread run
INFO: Server: Установлено соединение с клиентом /127.0.0.1:23444
авг. 26, 2021 9:30:56 PM Server.ClientServerTread handShakeServer
INFO: Server: Пользователь user2 подключился
авг. 26, 2021 9:31:03 PM Server.ClientServerTread mainServerLoop
INFO: Server: user2: hi 1
авг. 26, 2021 9:31:08 PM Server.ClientServerTread mainServerLoop
INFO: Server: user1: hi two
авг. 26, 2021 9:31:21 PM Server.ClientServerTread mainServerLoop
INFO: Server: user1: bay
авг. 26, 2021 9:33:07 PM Server.ClientServerTread run
INFO: Server: Установлено соединение с клиентом /127.0.0.1:23444
авг. 26, 2021 9:33:12 PM Server.ClientServerTread handShakeServer
INFO: Server: Пользователь user1 подключился
авг. 26, 2021 9:33:17 PM Server.ClientServerTread mainServerLoop
INFO: Server: user1: sdfdsfds
авг. 26, 2021 9:33:48 PM Server.ClientServerTread run
INFO: Server: Установлено соединение с клиентом /127.0.0.1:23444
авг. 26, 2021 9:34:03 PM Server.ClientServerTread handShakeServer
INFO: Server: Пользователь user1 подключился
авг. 26, 2021 9:36:36 PM Server.ClientServerTread run
INFO: Server: Установлено соединение с клиентом /127.0.0.1:23444
авг. 26, 2021 9:36:41 PM Server.ClientServerTread handShakeServer
INFO: Server: Пользователь user1 подключился
авг. 26, 2021 9:36:47 PM Server.ClientServerTread run
INFO: Server: Установлено соединение с клиентом /127.0.0.1:23444
авг. 26, 2021 9:36:50 PM Server.ClientServerTread handShakeServer
INFO: Server: Пользователь user2 подключился
авг. 26, 2021 9:36:53 PM Server.ClientServerTread mainServerLoop
INFO: Server: user2: fdf
авг. 26, 2021 9:39:46 PM Server.ClientServerTread run
INFO: Server: Установлено соединение с клиентом /127.0.0.1:23444
авг. 26, 2021 9:39:48 PM Server.ClientServerTread handShakeServer
INFO: Server: Пользователь user1 подключился
авг. 26, 2021 9:39:52 PM Server.ClientServerTread run
INFO: Server: Установлено соединение с клиентом /127.0.0.1:23444
авг. 26, 2021 9:39:55 PM Server.ClientServerTread handShakeServer
INFO: Server: Пользователь user2 подключился
авг. 26, 2021 9:40:07 PM Server.ClientServerTread mainServerLoop
INFO: Server: user1: gsdgds
авг. 26, 2021 9:40:12 PM Server.ClientServerTread mainServerLoop
INFO: Server: user2: dgsdgdgbvv v
авг. 26, 2021 9:41:29 PM Server.ClientServerTread run
INFO: Server: Установлено соединение с клиентом /127.0.0.1:23444
авг. 26, 2021 9:41:32 PM Server.ClientServerTread handShakeServer
INFO: Server: Пользователь user1 подключился
авг. 26, 2021 9:41:47 PM Server.ClientServerTread run
INFO: Server: Установлено соединение с клиентом /127.0.0.1:23444
авг. 26, 2021 9:41:54 PM Server.ClientServerTread handShakeServer
INFO: Server: Пользователь user2 подключился
авг. 26, 2021 9:43:00 PM Server.ClientServerTread run
INFO: Server: Установлено соединение с клиентом /127.0.0.1:23444
авг. 26, 2021 9:43:03 PM Server.ClientServerTread handShakeServer
INFO: Server: Пользователь user1 подключился
авг. 26, 2021 9:43:07 PM Server.ClientServerTread run
INFO: Server: Установлено соединение с клиентом /127.0.0.1:23444
авг. 26, 2021 9:43:09 PM Server.ClientServerTread handShakeServer
INFO: Server: Пользователь user2 подключился
авг. 26, 2021 9:43:14 PM Server.ClientServerTread mainServerLoop
INFO: Server: user1: shdh+
авг. 26, 2021 9:45:24 PM Server.ClientServerTread run
INFO: Server: Установлено соединение с клиентом /127.0.0.1:23444
авг. 26, 2021 9:45:27 PM Server.ClientServerTread handShakeServer
INFO: Server: Пользователь user1 подключился
авг. 26, 2021 9:45:31 PM Server.ClientServerTread run
INFO: Server: Установлено соединение с клиентом /127.0.0.1:23444
авг. 26, 2021 9:45:34 PM Server.ClientServerTread handShakeServer
INFO: Server: Пользователь user2 подключился
авг. 26, 2021 9:45:41 PM Server.ClientServerTread mainServerLoop
INFO: Server: user2: dfjfjfj
авг. 26, 2021 9:45:45 PM Server.ClientServerTread mainServerLoop
INFO: Server: user1: 8987564
авг. 26, 2021 9:48:53 PM Server.ClientServerTread run
INFO: Server: Установлено соединение с клиентом /127.0.0.1:23444
авг. 26, 2021 9:48:56 PM Server.ClientServerTread run
INFO: Server: Установлено соединение с клиентом /127.0.0.1:23444
авг. 26, 2021 9:48:59 PM Server.ClientServerTread handShakeServer
INFO: Server: Пользователь user1 подключился
авг. 26, 2021 9:49:04 PM Server.ClientServerTread handShakeServer
INFO: Server: Пользователь user2 подключился
авг. 26, 2021 9:55:18 PM Server.ClientServerTread run
INFO: Server: Установлено соединение с клиентом /127.0.0.1:23444
авг. 26, 2021 9:55:22 PM Server.ClientServerTread handShakeServer
INFO: Server: Пользователь user1 подключился
авг. 26, 2021 9:55:26 PM Server.ClientServerTread run
INFO: Server: Установлено соединение с клиентом /127.0.0.1:23444
авг. 26, 2021 9:55:29 PM Server.ClientServerTread handShakeServer
INFO: Server: Пользователь user2 подключился
авг. 26, 2021 9:55:36 PM Server.ClientServerTread mainServerLoop
INFO: Server: user1: ssfsfsdf
авг. 26, 2021 10:03:54 PM Server.ClientServerTread run
INFO: Server: Установлено соединение с клиентом /127.0.0.1:23444
авг. 26, 2021 10:03:57 PM Server.ClientServerTread handShakeServer
INFO: Server: Пользователь user1 подключился
авг. 26, 2021 10:04:01 PM Server.ClientServerTread run
INFO: Server: Установлено соединение с клиентом /127.0.0.1:23444
авг. 26, 2021 10:04:04 PM Server.ClientServerTread handShakeServer
INFO: Server: Пользователь user2 подключился
авг. 26, 2021 10:04:09 PM Server.ClientServerTread mainServerLoop
INFO: Server: user1: sdzxcvzdxv
авг. 26, 2021 10:05:11 PM Server.ClientServerTread run
INFO: Server: Установлено соединение с клиентом /127.0.0.1:23444
авг. 26, 2021 10:05:20 PM Server.ClientServerTread handShakeServer
INFO: Server: Пользователь user3 подключился
авг. 26, 2021 10:05:32 PM Server.ClientServerTread mainServerLoop
INFO: Server: user1: hi 3
авг. 26, 2021 10:05:37 PM Server.ClientServerTread mainServerLoop
INFO: Server: user3: hi 1
авг. 26, 2021 10:10:51 PM Server.ClientServerTread run
INFO: Server: Установлено соединение с клиентом /127.0.0.1:23444
авг. 26, 2021 10:10:56 PM Server.ClientServerTread handShakeServer
INFO: Server: Пользователь user1 подключился
авг. 26, 2021 10:10:58 PM Server.ClientServerTread mainServerLoop
INFO: Server: user1: ssfdsf
авг. 26, 2021 10:12:45 PM Server.ClientServerTread run
INFO: Server: Установлено соединение с клиентом /127.0.0.1:23444
авг. 26, 2021 10:12:50 PM Server.ClientServerTread handShakeServer
INFO: Server: Пользователь user1 подключился
авг. 26, 2021 10:12:55 PM Server.ClientServerTread mainServerLoop
INFO: Server: user1: qwrwrq
авг. 26, 2021 10:12:59 PM Server.ClientServerTread run
INFO: Server: Установлено соединение с клиентом /127.0.0.1:23444
авг. 26, 2021 10:13:02 PM Server.ClientServerTread handShakeServer
INFO: Server: Пользователь user2 подключился
авг. 26, 2021 10:13:07 PM Server.ClientServerTread mainServerLoop
INFO: Server: user2: 4546dgsdg 
авг. 26, 2021 10:13:13 PM Server.ClientServerTread mainServerLoop
INFO: Server: user1: hi 2
авг. 26, 2021 10:14:06 PM Server.ClientServerTread mainServerLoop
INFO: Server: user1: sxzzxvv
авг. 26, 2021 10:14:12 PM Server.ClientServerTread run
INFO: Server: Установлено соединение с клиентом /127.0.0.1:23444
авг. 26, 2021 10:14:14 PM Server.ClientServerTread handShakeServer
INFO: Server: Пользователь asfsfsfs подключился
авг. 26, 2021 10:14:19 PM Server.ClientServerTread mainServerLoop
INFO: Server: asfsfsfs: gsga s sfa 
авг. 26, 2021 10:15:15 PM Server.ClientServerTread run
INFO: Server: Установлено соединение с клиентом /127.0.0.1:23444
авг. 26, 2021 10:15:19 PM Server.ClientServerTread handShakeServer
INFO: Server: Пользователь user1 подключился
авг. 26, 2021 10:15:24 PM Server.ClientServerTread run
INFO: Server: Установлено соединение с клиентом /127.0.0.1:23444
авг. 26, 2021 10:15:27 PM Server.ClientServerTread handShakeServer
INFO: Server: Пользователь yser2 подключился
авг. 26, 2021 10:15:32 PM Server.ClientServerTread mainServerLoop
INFO: Server: yser2: dgdgasd
авг. 26, 2021 10:15:36 PM Server.ClientServerTread mainServerLoop
INFO: Server: user1: 2561 215
авг. 26, 2021 10:17:01 PM Server.ClientServerTread run
INFO: Server: Установлено соединение с клиентом /127.0.0.1:23444
авг. 26, 2021 10:17:04 PM Server.ClientServerTread handShakeServer
INFO: Server: Пользователь user1 подключился
авг. 26, 2021 10:17:07 PM Server.ClientServerTread mainServerLoop
INFO: Server: user1: zsv
авг. 26, 2021 10:17:11 PM Server.ClientServerTread run
INFO: Server: Установлено соединение с клиентом /127.0.0.1:23444
авг. 26, 2021 10:17:15 PM Server.ClientServerTread handShakeServer
INFO: Server: Пользователь user2 подключился
авг. 26, 2021 10:17:20 PM Server.ClientServerTread mainServerLoop
INFO: Server: user1: hi 2
авг. 26, 2021 10:18:32 PM Server.ClientServerTread run
INFO: Server: Установлено соединение с клиентом /127.0.0.1:23444
авг. 26, 2021 10:18:37 PM Server.ClientServerTread handShakeServer
INFO: Server: Пользователь user1 подключился
авг. 26, 2021 10:18:38 PM Server.ClientServerTread mainServerLoop
INFO: Server: user1: sgsg
авг. 26, 2021 10:18:45 PM Server.ClientServerTread run
INFO: Server: Установлено соединение с клиентом /127.0.0.1:23444
авг. 26, 2021 10:18:52 PM Server.ClientServerTread handShakeServer
INFO: Server: Пользователь user2 подключился
авг. 26, 2021 10:20:15 PM Server.ClientServerTread run
INFO: Server: Установлено соединение с клиентом /127.0.0.1:23444
авг. 26, 2021 10:20:19 PM Server.ClientServerTread handShakeServer
INFO: Server: Пользователь user4 подключился
авг. 26, 2021 10:21:12 PM Server.ClientServerTread mainServerLoop
INFO: Server: user4: dsdvdsv
авг. 26, 2021 10:22:12 PM Server.ClientServerTread run
INFO: Server: Установлено соединение с клиентом /127.0.0.1:23444
авг. 26, 2021 10:22:14 PM Server.ClientServerTread handShakeServer
INFO: Server: Пользователь user1 подключился
авг. 26, 2021 10:22:18 PM Server.ClientServerTread run
INFO: Server: Установлено соединение с клиентом /127.0.0.1:23444
авг. 26, 2021 10:22:21 PM Server.ClientServerTread handShakeServer
INFO: Server: Пользователь user2 подключился
авг. 26, 2021 10:24:55 PM Server.ClientServerTread run
INFO: Server: Установлено соединение с клиентом /127.0.0.1:23444
авг. 26, 2021 10:24:57 PM Server.ClientServerTread handShakeServer
INFO: Server: Пользователь user1 подключился
авг. 26, 2021 10:25:03 PM Server.ClientServerTread run
INFO: Server: Установлено соединение с клиентом /127.0.0.1:23444
авг. 26, 2021 10:25:08 PM Server.ClientServerTread handShakeServer
INFO: Server: Пользователь user2 подключился
авг. 26, 2021 10:25:13 PM Server.ClientServerTread mainServerLoop
INFO: Server: user2: sSAF
авг. 26, 2021 11:59:33 PM Server.ClientServerTread run
INFO: Server: Установлено соединение с клиентом /127.0.0.1:23444
авг. 26, 2021 11:59:37 PM Server.ClientServerTread handShakeServer
INFO: Server: Пользователь user1 подключился
авг. 26, 2021 11:59:56 PM Server.ClientServerTread run
INFO: Server: Установлено соединение с клиентом /127.0.0.1:23444
авг. 27, 2021 12:00:01 AM Server.ClientServerTread handShakeServer
INFO: Server: Пользователь tyuy подключился
авг. 27, 2021 12:02:07 AM Server.ClientServerTread run
INFO: Server: Установлено соединение с клиентом /127.0.0.1:23444
авг. 27, 2021 12:02:08 AM Server.ClientServerTread handShakeServer
INFO: Server: Пользователь fbxb подключился
авг. 27, 2021 12:16:17 AM Server.ClientServerTread run
INFO: Server: Установлено соединение с клиентом /127.0.0.1:23444
авг. 27, 2021 12:16:20 AM Server.ClientServerTread handShakeServer
INFO: Server: Пользователь xxx подключился
авг. 27, 2021 12:16:26 AM Server.ClientServerTread mainServerLoop
INFO: Server: xxx: xcxcxc
авг. 27, 2021 12:27:11 AM Server.ClientServerTread run
INFO: Server: Установлено соединение с клиентом /127.0.0.1:23444
авг. 27, 2021 12:27:12 AM Server.ClientServerTread handShakeServer
INFO: Server: Пользователь k;; подключился
авг. 27, 2021 9:55:03 AM Server.ClientServerTread run
INFO: Server: Установлено соединение с клиентом /127.0.0.1:23444
авг. 27, 2021 9:55:08 AM Server.ClientServerTread run
INFO: Server: Установлено соединение с клиентом /127.0.0.1:23444
авг. 27, 2021 9:56:15 AM Server.ClientServerTread run
INFO: Server: Установлено соединение с клиентом /127.0.0.1:23444
авг. 27, 2021 10:01:03 AM Server.ClientServerTread run
INFO: Server: Установлено соединение с клиентом /127.0.0.1:23444
авг. 27, 2021 10:03:15 AM Server.ClientServerTread run
INFO: Server: Установлено соединение с клиентом /127.0.0.1:23444
авг. 27, 2021 10:03:22 AM Server.ClientServerTread handShakeServer
INFO: Server: Пользователь user1 подключился
авг. 27, 2021 10:03:27 AM Server.ClientServerTread run
INFO: Server: Установлено соединение с клиентом /127.0.0.1:23444
авг. 27, 2021 10:03:31 AM Server.ClientServerTread handShakeServer
INFO: Server: Пользователь user2 подключился
авг. 27, 2021 10:07:01 AM Server.ClientServerTread run
INFO: Server: Установлено соединение с клиентом /127.0.0.1:23444
авг. 27, 2021 10:07:06 AM Server.ClientServerTread handShakeServer
INFO: Server: Пользователь user1 подключился
авг. 27, 2021 10:07:10 AM Server.ClientServerTread mainServerLoop
INFO: Server: user1: wafawfw
авг. 27, 2021 10:07:14 AM Server.ClientServerTread run
INFO: Server: Установлено соединение с клиентом /127.0.0.1:23444
авг. 27, 2021 10:07:17 AM Server.ClientServerTread handShakeServer
INFO: Server: Пользователь user2 подключился
авг. 27, 2021 10:07:51 AM Server.ClientServerTread run
INFO: Server: Установлено соединение с клиентом /127.0.0.1:23444
авг. 27, 2021 10:07:53 AM Server.ClientServerTread run
INFO: Server: Установлено соединение с клиентом /127.0.0.1:23444
авг. 27, 2021 10:07:58 AM Server.ClientServerTread handShakeServer
INFO: Server: Пользователь user1 подключился
авг. 27, 2021 10:08:05 AM Server.ClientServerTread handShakeServer
INFO: Server: Пользователь user2 подключился
авг. 27, 2021 10:08:10 AM Server.ClientServerTread mainServerLoop
INFO: Server: user1: zszsags
авг. 27, 2021 10:08:15 AM Server.ClientServerTread mainServerLoop
INFO: Server: user2: w wfw
авг. 27, 2021 10:12:10 AM Server.ClientServerTread run
INFO: Server: Установлено соединение с клиентом /127.0.0.1:23444
авг. 27, 2021 10:12:13 AM Server.ClientServerTread handShakeServer
INFO: Server: Пользователь user1 подключился
авг. 27, 2021 10:12:18 AM Server.ClientServerTread run
INFO: Server: Установлено соединение с клиентом /127.0.0.1:23444
авг. 27, 2021 10:12:21 AM Server.ClientServerTread handShakeServer
INFO: Server: Пользователь user2 подключился
авг. 27, 2021 10:12:27 AM Server.ClientServerTread mainServerLoop
INFO: Server: user2: asfasfsaf
авг. 27, 2021 10:12:31 AM Server.ClientServerTread mainServerLoop
INFO: Server: user1: safsf fsf
авг. 27, 2021 10:16:01 AM Server.ClientServerTread run
INFO: Server: Установлено соединение с клиентом /127.0.0.1:23444
авг. 27, 2021 10:16:05 AM Server.ClientServerTread handShakeServer
INFO: Server: Пользователь user1 подключился
авг. 27, 2021 10:24:06 AM Server.ClientServerTread run
INFO: Server: Установлено соединение с клиентом /127.0.0.1:23444
авг. 27, 2021 10:24:07 AM Server.ClientServerTread run
INFO: Server: Установлено соединение с клиентом /127.0.0.1:23444
авг. 27, 2021 10:24:11 AM Server.ClientServerTread handShakeServer
INFO: Server: Пользователь user1 подключился
авг. 27, 2021 10:24:15 AM Server.ClientServerTread handShakeServer
INFO: Server: Пользователь user2 подключился
авг. 27, 2021 10:24:21 AM Server.ClientServerTread mainServerLoop
INFO: Server: user1: zxvzxvzxv
авг. 27, 2021 10:24:24 AM Server.ClientServerTread mainServerLoop
INFO: Server: user2: xzvzxvzxv
авг. 27, 2021 10:24:50 AM Server.ClientServerTread run
INFO: Server: Установлено соединение с клиентом /127.0.0.1:23444
авг. 27, 2021 10:24:53 AM Server.ClientServerTread run
INFO: Server: Установлено соединение с клиентом /127.0.0.1:23444
авг. 27, 2021 10:24:57 AM Server.ClientServerTread handShakeServer
INFO: Server: Пользователь user1 подключился
авг. 27, 2021 10:25:03 AM Server.ClientServerTread handShakeServer
INFO: Server: Пользователь user2 подключился
авг. 27, 2021 10:25:05 AM Server.ClientServerTread mainServerLoop
INFO: Server: user2: xcbcb
авг. 27, 2021 10:25:09 AM Server.ClientServerTread mainServerLoop
INFO: Server: user1: dsg dsgsdg
авг. 27, 2021 10:26:18 AM Server.ClientServerTread run
INFO: Server: Установлено соединение с клиентом /127.0.0.1:23444
авг. 27, 2021 10:26:19 AM Server.ClientServerTread run
INFO: Server: Установлено соединение с клиентом /127.0.0.1:23444
авг. 27, 2021 10:26:23 AM Server.ClientServerTread handShakeServer
INFO: Server: Пользователь user1 подключился
авг. 27, 2021 10:26:27 AM Server.ClientServerTread handShakeServer
INFO: Server: Пользователь user2 подключился
авг. 27, 2021 10:26:31 AM Server.ClientServerTread mainServerLoop
INFO: Server: user1: asfsf
авг. 27, 2021 10:26:35 AM Server.ClientServerTread mainServerLoop
INFO: Server: user2: sf fsf 4 4
авг. 27, 2021 10:27:39 AM Server.ClientServerTread run
INFO: Server: Установлено соединение с клиентом /127.0.0.1:23444
авг. 27, 2021 10:27:43 AM Server.ClientServerTread handShakeServer
INFO: Server: Пользователь user1 подключился
авг. 27, 2021 10:27:47 AM Server.ClientServerTread run
INFO: Server: Установлено соединение с клиентом /127.0.0.1:23444
авг. 27, 2021 10:27:50 AM Server.ClientServerTread handShakeServer
INFO: Server: Пользователь user2 подключился
авг. 27, 2021 10:27:55 AM Server.ClientServerTread mainServerLoop
INFO: Server: user2: 45621
авг. 27, 2021 10:27:58 AM Server.ClientServerTread mainServerLoop
INFO: Server: user1: zdvcv
авг. 27, 2021 10:31:10 AM Server.ClientServerTread run
INFO: Server: Установлено соединение с клиентом /127.0.0.1:23444
авг. 27, 2021 10:31:12 AM Server.ClientServerTread run
INFO: Server: Установлено соединение с клиентом /127.0.0.1:23444
авг. 27, 2021 10:31:15 AM Server.ClientServerTread handShakeServer
INFO: Server: Пользователь user2 подключился
авг. 27, 2021 10:31:19 AM Server.ClientServerTread handShakeServer
INFO: Server: Пользователь user1 подключился
авг. 27, 2021 10:31:23 AM Server.ClientServerTread mainServerLoop
INFO: Server: user1: xbcb
авг. 27, 2021 10:35:30 AM Server.ClientServerTread run
INFO: Server: Установлено соединение с клиентом /127.0.0.1:23444
авг. 27, 2021 10:35:32 AM Server.ClientServerTread run
INFO: Server: Установлено соединение с клиентом /127.0.0.1:23444
авг. 27, 2021 10:35:35 AM Server.ClientServerTread handShakeServer
INFO: Server: Пользователь user1 подключился
авг. 27, 2021 10:35:40 AM Server.ClientServerTread handShakeServer
INFO: Server: Пользователь user2 подключился
авг. 27, 2021 10:38:18 AM Server.ClientServerTread run
INFO: Server: Установлено соединение с клиентом /127.0.0.1:23444
авг. 27, 2021 10:38:20 AM Server.ClientServerTread run
INFO: Server: Установлено соединение с клиентом /127.0.0.1:23444
авг. 27, 2021 10:38:23 AM Server.ClientServerTread handShakeServer
INFO: Server: Пользователь user1 подключился
авг. 27, 2021 10:38:27 AM Server.ClientServerTread handShakeServer
INFO: Server: Пользователь user2 подключился
авг. 27, 2021 10:39:50 AM Server.ClientServerTread run
INFO: Server: Установлено соединение с клиентом /127.0.0.1:23444
авг. 27, 2021 10:39:52 AM Server.ClientServerTread run
INFO: Server: Установлено соединение с клиентом /127.0.0.1:23444
авг. 27, 2021 10:39:55 AM Server.ClientServerTread handShakeServer
INFO: Server: Пользователь user1 подключился
авг. 27, 2021 10:39:58 AM Server.ClientServerTread handShakeServer
INFO: Server: Пользователь user2 подключился
авг. 27, 2021 10:40:04 AM Server.ClientServerTread mainServerLoop
INFO: Server: user1: safasf
авг. 27, 2021 10:40:10 AM Server.ClientServerTread mainServerLoop
INFO: Server: user1: /rxit
авг. 27, 2021 10:49:14 AM Server.ClientServerTread run
INFO: Server: Установлено соединение с клиентом /127.0.0.1:23444
авг. 27, 2021 10:49:17 AM Server.ClientServerTread run
INFO: Server: Установлено соединение с клиентом /127.0.0.1:23444
авг. 27, 2021 10:49:21 AM Server.ClientServerTread handShakeServer
INFO: Server: Пользователь user1 подключился
авг. 27, 2021 10:49:28 AM Server.ClientServerTread handShakeServer
INFO: Server: Пользователь user2 подключился
авг. 27, 2021 10:49:33 AM Server.ClientServerTread mainServerLoop
INFO: Server: user2: AzvXVX
авг. 27, 2021 10:49:41 AM Server.ClientServerTread mainServerLoop
INFO: Server: user2: /EXIT
авг. 27, 2021 10:51:39 AM Server.ClientServerTread run
INFO: Server: Установлено соединение с клиентом /127.0.0.1:23444
авг. 27, 2021 10:51:41 AM Server.ClientServerTread run
INFO: Server: Установлено соединение с клиентом /127.0.0.1:23444
авг. 27, 2021 10:51:44 AM Server.ClientServerTread handShakeServer
INFO: Server: Пользователь user1 подключился
авг. 27, 2021 10:51:48 AM Server.ClientServerTread handShakeServer
INFO: Server: Пользователь user2 подключился
авг. 27, 2021 10:51:52 AM Server.ClientServerTread mainServerLoop
INFO: Server: user1: zdxv
авг. 27, 2021 10:51:55 AM Server.ClientServerTread mainServerLoop
INFO: Server: user2: dvz vc
авг. 27, 2021 10:52:39 AM Server.ClientServerTread run
INFO: Server: Установлено соединение с клиентом /127.0.0.1:23444
авг. 27, 2021 10:52:40 AM Server.ClientServerTread run
INFO: Server: Установлено соединение с клиентом /127.0.0.1:23444
авг. 27, 2021 10:52:44 AM Server.ClientServerTread handShakeServer
INFO: Server: Пользователь user1 подключился
авг. 27, 2021 10:52:49 AM Server.ClientServerTread handShakeServer
INFO: Server: Пользователь user2 подключился
авг. 27, 2021 10:52:56 AM Server.ClientServerTread mainServerLoop
INFO: Server: user2: fxbv
авг. 27, 2021 11:29:19 AM Server.ClientServerTread run
INFO: Server: Установлено соединение с клиентом /127.0.0.1:23444
авг. 27, 2021 11:29:26 AM Server.ClientServerTread run
INFO: Server: Установлено соединение с клиентом /127.0.0.1:23444
авг. 27, 2021 11:29:31 AM Server.ClientServerTread handShakeServer
INFO: Server: Пользователь user1 подключился
авг. 27, 2021 11:29:35 AM Server.ClientServerTread handShakeServer
INFO: Server: Пользователь user2 подключился
авг. 27, 2021 11:30:08 AM Server.ClientServerTread run
INFO: Server: Установлено соединение с клиентом /127.0.0.1:23444
авг. 27, 2021 11:30:10 AM Server.ClientServerTread run
INFO: Server: Установлено соединение с клиентом /127.0.0.1:23444
авг. 27, 2021 11:30:13 AM Server.ClientServerTread handShakeServer
INFO: Server: Пользователь user2 подключился
авг. 27, 2021 11:30:17 AM Server.ClientServerTread handShakeServer
INFO: Server: Пользователь user1 подключился
авг. 27, 2021 11:30:18 AM Server.ClientServerTread mainServerLoop
INFO: Server: user1: fdfasf
авг. 27, 2021 11:31:00 AM Server.ClientServerTread run
INFO: Server: Установлено соединение с клиентом /127.0.0.1:23444
авг. 27, 2021 11:31:04 AM Server.ClientServerTread handShakeServer
INFO: Server: Пользователь user1 подключился
авг. 27, 2021 11:32:59 AM Server.ClientServerTread run
INFO: Server: Установлено соединение с клиентом /127.0.0.1:23444
авг. 27, 2021 11:33:02 AM Server.ClientServerTread handShakeServer
INFO: Server: Пользователь user1 подключился
авг. 27, 2021 11:33:03 AM Server.ClientServerTread mainServerLoop
INFO: Server: user1: assfasf
авг. 27, 2021 11:34:03 AM Server.ClientServerTread run
INFO: Server: Установлено соединение с клиентом /127.0.0.1:23444
авг. 27, 2021 11:34:05 AM Server.ClientServerTread handShakeServer
INFO: Server: Пользователь user1 подключился
авг. 27, 2021 11:34:06 AM Server.ClientServerTread mainServerLoop
INFO: Server: user1: zvxv
авг. 27, 2021 11:34:32 AM Server.ClientServerTread run
INFO: Server: Установлено соединение с клиентом /127.0.0.1:23444
авг. 27, 2021 11:34:36 AM Server.ClientServerTread handShakeServer
INFO: Server: Пользователь user1 подключился
авг. 27, 2021 11:36:12 AM Server.ClientServerTread run
INFO: Server: Установлено соединение с клиентом /127.0.0.1:23444
авг. 27, 2021 11:36:15 AM Server.ClientServerTread handShakeServer
INFO: Server: Пользователь add подключился
авг. 27, 2021 11:36:15 AM Server.ClientServerTread mainServerLoop
INFO: Server: add: 
авг. 27, 2021 11:36:16 AM Server.ClientServerTread mainServerLoop
INFO: Server: add: adgdagd
авг. 27, 2021 11:38:10 AM Server.ClientServerTread run
INFO: Server: Установлено соединение с клиентом /127.0.0.1:23444
авг. 27, 2021 11:38:12 AM Server.ClientServerTread handShakeServer
INFO: Server: Пользователь asf подключился
авг. 27, 2021 11:38:14 AM Server.ClientServerTread mainServerLoop
INFO: Server: asf: asfsfasf
авг. 27, 2021 11:38:51 AM Server.ClientServerTread run
INFO: Server: Установлено соединение с клиентом /127.0.0.1:23444
авг. 27, 2021 11:38:54 AM Server.ClientServerTread handShakeServer
INFO: Server: Пользователь rer подключился
авг. 27, 2021 11:38:59 AM Server.ClientServerTread mainServerLoop
INFO: Server: rer: user1
авг. 27, 2021 11:40:47 AM Server.ClientServerTread run
INFO: Server: Установлено соединение с клиентом /127.0.0.1:23444
авг. 27, 2021 11:40:50 AM Server.ClientServerTread handShakeServer
INFO: Server: Пользователь 	ww	afd подключился
авг. 27, 2021 11:40:54 AM Server.ClientServerTread mainServerLoop
INFO: Server: 	ww	afd: adgdg
авг. 27, 2021 11:41:44 AM Server.ClientServerTread run
INFO: Server: Установлено соединение с клиентом /127.0.0.1:23444
авг. 27, 2021 11:41:47 AM Server.ClientServerTread handShakeServer
INFO: Server: Пользователь user1 подключился
авг. 27, 2021 11:41:48 AM Server.ClientServerTread mainServerLoop
INFO: Server: user1: asfsfaf
авг. 27, 2021 12:33:53 PM Server.ClientServerTread run
INFO: Server: Установлено соединение с клиентом /127.0.0.1:23444
авг. 27, 2021 12:33:55 PM Server.ClientServerTread run
INFO: Server: Установлено соединение с клиентом /127.0.0.1:23444
авг. 27, 2021 12:33:58 PM Server.ClientServerTread handShakeServer
INFO: Server: Пользователь asdas подключился
авг. 27, 2021 12:34:01 PM Server.ClientServerTread handShakeServer
INFO: Server: Пользователь vzxvxzv подключился
авг. 27, 2021 12:34:06 PM Server.ClientServerTread mainServerLoop
INFO: Server: asdas: dgdg
авг. 27, 2021 2:23:33 PM Server.ClientServerTread run
INFO: Server: Установлено соединение с клиентом /127.0.0.1:23444
авг. 27, 2021 2:23:36 PM Server.ClientServerTread handShakeServer
INFO: Server: Пользователь гыук1 подключился
авг. 27, 2021 2:23:41 PM Server.ClientServerTread run
INFO: Server: Установлено соединение с клиентом /127.0.0.1:23444
авг. 27, 2021 2:23:43 PM Server.ClientServerTread handShakeServer
INFO: Server: Пользователь гыук2 подключился
авг. 27, 2021 2:23:48 PM Server.ClientServerTread mainServerLoop
INFO: Server: гыук2: вмвмвм
авг. 27, 2021 2:24:01 PM Server.ClientServerTread mainServerLoop
INFO: Server: гыук2: jgkbk
авг. 27, 2021 2:28:50 PM Server.ClientServerTread run
INFO: Server: Установлено соединение с клиентом /127.0.0.1:23444
авг. 27, 2021 2:28:55 PM Server.ClientServerTread handShakeServer
INFO: Server: Пользователь yser подключился
авг. 27, 2021 2:29:37 PM Server.ClientServerTread run
INFO: Server: Установлено соединение с клиентом /127.0.0.1:23444
авг. 27, 2021 2:31:09 PM Server.ClientServerTread handShakeServer
INFO: Server: Пользователь user подключился
авг. 27, 2021 2:33:22 PM Server.ClientServerTread run
INFO: Server: Установлено соединение с клиентом /127.0.0.1:23444
авг. 27, 2021 2:33:27 PM Server.ClientServerTread handShakeServer
INFO: Server: Пользователь user подключился
авг. 27, 2021 2:33:48 PM Server.ClientServerTread mainServerLoop
INFO: Server: user: jkljlkj
авг. 27, 2021 2:35:35 PM Server.ClientServerTread run
INFO: Server: Установлено соединение с клиентом /127.0.0.1:23444
авг. 27, 2021 2:35:36 PM Server.ClientServerTread handShakeServer
INFO: Server: Пользователь qwwedw подключился
авг. 27, 2021 2:36:15 PM Server.ClientServerTread run
INFO: Server: Установлено соединение с клиентом /127.0.0.1:23444
авг. 27, 2021 2:36:18 PM Server.ClientServerTread handShakeServer
INFO: Server: Пользователь user1 подключился
авг. 27, 2021 2:42:52 PM Server.ClientServerTread run
INFO: Server: Установлено соединение с клиентом /127.0.0.1:23444
авг. 27, 2021 2:42:57 PM Server.ClientServerTread handShakeServer
INFO: Server: Пользователь user1 подключился
авг. 27, 2021 2:43:02 PM Server.ClientServerTread$1 run
INFO: Server: user1: asfasfsf
авг. 27, 2021 2:54:38 PM Server.ClientServerTread run
INFO: Server: Установлено соединение с клиентом /127.0.0.1:23444
авг. 27, 2021 2:54:41 PM Server.ClientServerTread handShakeServer
INFO: Server: Пользователь user1 подключился
авг. 27, 2021 2:54:45 PM Server.ClientServerTread run
INFO: Server: Установлено соединение с клиентом /127.0.0.1:23444
авг. 27, 2021 2:54:49 PM Server.ClientServerTread handShakeServer
INFO: Server: Пользователь user2 подключился
авг. 27, 2021 2:55:43 PM Server.ClientServerTread run
INFO: Server: Установлено соединение с клиентом /127.0.0.1:23444
авг. 27, 2021 2:55:47 PM Server.ClientServerTread handShakeServer
INFO: Server: Пользователь user3 подключился
авг. 27, 2021 2:55:50 PM Server.ClientServerTread mainServerLoop
INFO: Server: user3: dgsdgsdg
авг. 27, 2021 2:55:59 PM Server.ClientServerTread mainServerLoop
INFO: Server: user1: gdgdgd
авг. 27, 2021 2:56:12 PM Server.ClientServerTread mainServerLoop
INFO: Server: user3: srhfhfh
авг. 27, 2021 2:56:30 PM Server.ClientServerTread run
INFO: Server: Установлено соединение с клиентом /127.0.0.1:23444
авг. 27, 2021 2:56:33 PM Server.ClientServerTread handShakeServer
INFO: Server: Пользователь user1 подключился
авг. 27, 2021 2:56:39 PM Server.ClientServerTread mainServerLoop
INFO: Server: user1: aegegsdgseg
авг. 27, 2021 2:56:44 PM Server.ClientServerTread run
INFO: Server: Установлено соединение с клиентом /127.0.0.1:23444
авг. 27, 2021 2:56:47 PM Server.ClientServerTread handShakeServer
INFO: Server: Пользователь user3 подключился
авг. 27, 2021 2:57:06 PM Server.ClientServerTread mainServerLoop
INFO: Server: user1: eadgsdgew
авг. 27, 2021 2:57:25 PM Server.ClientServerTread mainServerLoop
INFO: Server: user3: xgnfxnvn
авг. 27, 2021 3:08:57 PM Server.ClientServerTread run
INFO: Server: Установлено соединение с клиентом /127.0.0.1:23444
авг. 27, 2021 3:08:59 PM Server.ClientServerTread run
INFO: Server: Установлено соединение с клиентом /127.0.0.1:23444
авг. 27, 2021 3:09:07 PM Server.ClientServerTread handShakeServer
INFO: Server: Пользователь user1 подключился
авг. 27, 2021 3:09:13 PM Server.ClientServerTread handShakeServer
INFO: Server: Пользователь user2 подключился
авг. 27, 2021 3:09:24 PM Server.ClientServerTread mainServerLoop
INFO: Server: user1: hi u2
авг. 27, 2021 3:09:29 PM Server.ClientServerTread mainServerLoop
INFO: Server: user2: hi u1
авг. 27, 2021 3:09:33 PM Server.ClientServerTread mainServerLoop
INFO: Server: user1: bay
авг. 27, 2021 3:09:53 PM Server.ClientServerTread mainServerLoop
INFO: Server: user2: hi srv
авг. 27, 2021 3:10:59 PM Server.ClientServerTread run
INFO: Server: Установлено соединение с клиентом /127.0.0.1:23444
авг. 27, 2021 3:11:05 PM Server.ClientServerTread handShakeServer
INFO: Server: Пользователь user1 подключился
авг. 27, 2021 3:11:10 PM Server.ClientServerTread run
INFO: Server: Установлено соединение с клиентом /127.0.0.1:23444
авг. 27, 2021 3:11:12 PM Server.ClientServerTread handShakeServer
INFO: Server: Пользователь user2 подключился
авг. 27, 2021 3:11:24 PM Server.ClientServerTread mainServerLoop
INFO: Server: user1: hi u2
авг. 27, 2021 3:16:15 PM Server.ClientServerTread run
INFO: Server: Установлено соединение с клиентом /127.0.0.1:23444
авг. 27, 2021 3:16:19 PM Server.ClientServerTread handShakeServer
INFO: Server: Пользователь user1 подключился
авг. 27, 2021 3:16:23 PM Server.ClientServerTread run
INFO: Server: Установлено соединение с клиентом /127.0.0.1:23444
авг. 27, 2021 3:16:25 PM Server.ClientServerTread handShakeServer
INFO: Server: Пользователь user2 подключился
авг. 27, 2021 3:16:35 PM Server.ClientServerTread mainServerLoop
INFO: Server: user1: hi u2
авг. 27, 2021 3:16:40 PM Server.ClientServerTread mainServerLoop
INFO: Server: user2: hi one
авг. 27, 2021 3:17:25 PM Server.ClientServerTread run
INFO: Server: Установлено соединение с клиентом /127.0.0.1:23444
авг. 27, 2021 3:17:31 PM Server.ClientServerTread handShakeServer
INFO: Server: Пользователь user1 подключился
авг. 27, 2021 3:17:38 PM Server.ClientServerTread mainServerLoop
INFO: Server: user1: i am back
авг. 27, 2021 3:17:50 PM Server.ClientServerTread mainServerLoop
INFO: Server: user2: hi again
авг. 27, 2021 3:18:49 PM Server.ClientServerTread run
INFO: Server: Установлено соединение с клиентом /127.0.0.1:23444
авг. 27, 2021 3:18:52 PM Server.ClientServerTread handShakeServer
INFO: Server: Пользователь user1 подключился
авг. 27, 2021 3:18:57 PM Server.ClientServerTread run
INFO: Server: Установлено соединение с клиентом /127.0.0.1:23444
авг. 27, 2021 3:18:59 PM Server.ClientServerTread handShakeServer
INFO: Server: Пользователь user2 подключился
авг. 27, 2021 3:19:12 PM Server.ClientServerTread mainServerLoop
INFO: Server: user1: hi 2
авг. 27, 2021 3:21:07 PM Server.ClientServerTread run
INFO: Server: Установлено соединение с клиентом /127.0.0.1:23444
авг. 27, 2021 3:21:09 PM Server.ClientServerTread handShakeServer
INFO: Server: Пользователь user1 подключился
авг. 27, 2021 3:21:13 PM Server.ClientServerTread run
INFO: Server: Установлено соединение с клиентом /127.0.0.1:23444
авг. 27, 2021 3:21:15 PM Server.ClientServerTread handShakeServer
INFO: Server: Пользователь user2 подключился
авг. 27, 2021 3:21:21 PM Server.ClientServerTread mainServerLoop
INFO: Server: user1: afaf
авг. 27, 2021 3:24:19 PM Server.ClientServerTread run
INFO: Server: Установлено соединение с клиентом /127.0.0.1:23444
авг. 27, 2021 3:24:21 PM Server.ClientServerTread handShakeServer
INFO: Server: Пользователь user1 подключился
авг. 27, 2021 3:24:26 PM Server.ClientServerTread run
INFO: Server: Установлено соединение с клиентом /127.0.0.1:23444
авг. 27, 2021 3:24:28 PM Server.ClientServerTread handShakeServer
INFO: Server: Пользователь user2 подключился
авг. 27, 2021 3:24:33 PM Server.ClientServerTread mainServerLoop
INFO: Server: user1: xcbxcb
авг. 27, 2021 3:24:40 PM Server.ClientServerTread mainServerLoop
INFO: Server: user2: cbcbxbc  cx c
авг. 27, 2021 3:27:23 PM Server.ClientServerTread run
INFO: Server: Установлено соединение с клиентом /127.0.0.1:23444
авг. 27, 2021 3:27:25 PM Server.ClientServerTread handShakeServer
INFO: Server: Пользователь user1 подключился
авг. 27, 2021 3:27:30 PM Server.ClientServerTread run
INFO: Server: Установлено соединение с клиентом /127.0.0.1:23444
авг. 27, 2021 3:27:34 PM Server.ClientServerTread handShakeServer
INFO: Server: Пользователь user2 подключился
авг. 27, 2021 3:27:39 PM Server.ClientServerTread mainServerLoop
INFO: Server: user1: sddsfdsf
авг. 27, 2021 3:27:48 PM Server.ClientServerTread mainServerLoop
INFO: Server: user2: df22 121f5 
авг. 27, 2021 3:30:12 PM Server.ClientServerTread run
INFO: Server: Установлено соединение с клиентом /127.0.0.1:23444
авг. 27, 2021 3:30:15 PM Server.ClientServerTread handShakeServer
INFO: Server: Пользователь user1 подключился
авг. 27, 2021 3:30:18 PM Server.ClientServerTread run
INFO: Server: Установлено соединение с клиентом /127.0.0.1:23444
авг. 27, 2021 3:30:20 PM Server.ClientServerTread handShakeServer
INFO: Server: Пользователь user2 подключился
авг. 27, 2021 3:30:25 PM Server.ClientServerTread mainServerLoop
INFO: Server: user1: sadsdsa
авг. 27, 2021 3:36:11 PM Server.ClientServerTread run
INFO: Server: Установлено соединение с клиентом /127.0.0.1:23444
авг. 27, 2021 3:36:15 PM Server.ClientServerTread handShakeServer
INFO: Server: Пользователь user1 подключился
авг. 27, 2021 3:36:19 PM Server.ClientServerTread run
INFO: Server: Установлено соединение с клиентом /127.0.0.1:23444
авг. 27, 2021 3:36:21 PM Server.ClientServerTread handShakeServer
INFO: Server: Пользователь user2 подключился
авг. 27, 2021 3:36:25 PM Server.ClientServerTread mainServerLoop
INFO: Server: user1: xcvbxcbcx
авг. 27, 2021 3:37:08 PM Server.ClientServerTread run
INFO: Server: Установлено соединение с клиентом /127.0.0.1:23444
авг. 27, 2021 3:37:11 PM Server.ClientServerTread handShakeServer
INFO: Server: Пользователь user1 подключился
авг. 27, 2021 3:37:13 PM Server.ClientServerTread run
INFO: Server: Установлено соединение с клиентом /127.0.0.1:23444
авг. 27, 2021 3:37:16 PM Server.ClientServerTread handShakeServer
INFO: Server: Пользователь user2 подключился
авг. 27, 2021 3:37:20 PM Server.ClientServerTread mainServerLoop
INFO: Server: user1: aefef
авг. 27, 2021 3:38:21 PM Server.ClientServerTread run
INFO: Server: Установлено соединение с клиентом /127.0.0.1:23444
авг. 27, 2021 3:38:23 PM Server.ClientServerTread handShakeServer
INFO: Server: Пользователь dsfsd подключился
авг. 27, 2021 3:42:59 PM Server.ClientServerTread run
INFO: Server: Установлено соединение с клиентом /127.0.0.1:23444
авг. 27, 2021 3:43:02 PM Server.ClientServerTread handShakeServer
INFO: Server: Пользователь user1 подключился
авг. 27, 2021 3:43:08 PM Server.ClientServerTread run
INFO: Server: Установлено соединение с клиентом /127.0.0.1:23444
авг. 27, 2021 3:43:11 PM Server.ClientServerTread handShakeServer
INFO: Server: Пользователь user2 подключился
авг. 27, 2021 3:43:17 PM Server.ClientServerTread mainServerLoop
INFO: Server: user2: fdsfg
авг. 27, 2021 3:43:24 PM Server.ClientServerTread mainServerLoop
INFO: Server: user1: sdgsdgd gd2gd2g gd24545
авг. 27, 2021 3:46:52 PM Server.ClientServerTread run
INFO: Server: Установлено соединение с клиентом /127.0.0.1:23444
авг. 27, 2021 3:46:57 PM Server.ClientServerTread handShakeServer
INFO: Server: Пользователь user2 подключился
авг. 27, 2021 3:47:02 PM Server.ClientServerTread mainServerLoop
INFO: Server: user2: im back
авг. 27, 2021 3:51:59 PM Server.ClientServerTread run
INFO: Server: Установлено соединение с клиентом /127.0.0.1:23444
авг. 27, 2021 3:52:02 PM Server.ClientServerTread handShakeServer
INFO: Server: Пользователь user1 подключился
авг. 27, 2021 3:52:06 PM Server.ClientServerTread run
INFO: Server: Установлено соединение с клиентом /127.0.0.1:23444
авг. 27, 2021 3:52:09 PM Server.ClientServerTread handShakeServer
INFO: Server: Пользователь user2 подключился
авг. 27, 2021 3:52:11 PM Server.ClientServerTread mainServerLoop
INFO: Server: user1: srhrfhf
авг. 27, 2021 3:52:14 PM Server.ClientServerTread mainServerLoop
INFO: Server: user2: fhdfh
авг. 27, 2021 4:12:38 PM Server.ClientServerTread run
INFO: Server: Установлено соединение с клиентом /127.0.0.1:23444
авг. 27, 2021 4:12:42 PM Server.ClientServerTread handShakeServer
INFO: Server: Пользователь user1 подключился
авг. 27, 2021 4:12:45 PM Server.ClientServerTread run
INFO: Server: Установлено соединение с клиентом /127.0.0.1:23444
авг. 27, 2021 4:12:48 PM Server.ClientServerTread handShakeServer
INFO: Server: Пользователь user2 подключился
авг. 27, 2021 4:29:12 PM Server.ClientServerTread run
INFO: Server: Установлено соединение с клиентом /127.0.0.1:23444
авг. 27, 2021 4:29:16 PM Server.ClientServerTread handShakeServer
INFO: Server: Пользователь user1 подключился
авг. 27, 2021 4:29:20 PM Server.ClientServerTread run
INFO: Server: Установлено соединение с клиентом /127.0.0.1:23444
авг. 27, 2021 4:29:22 PM Server.ClientServerTread handShakeServer
INFO: Server: Пользователь user2 подключился
авг. 27, 2021 4:29:27 PM Server.ClientServerTread mainServerLoop
INFO: Server: user2: sdsd
авг. 27, 2021 4:31:40 PM Server.ClientServerTread run
INFO: Server: Установлено соединение с клиентом /127.0.0.1:23444
авг. 27, 2021 4:31:43 PM Server.ClientServerTread handShakeServer
INFO: Server: Пользователь user1 подключился
авг. 27, 2021 4:31:48 PM Server.ClientServerTread run
INFO: Server: Установлено соединение с клиентом /127.0.0.1:23444
авг. 27, 2021 4:31:53 PM Server.ClientServerTread handShakeServer
INFO: Server: Пользователь user2 подключился
авг. 27, 2021 4:31:59 PM Server.ClientServerTread mainServerLoop
INFO: Server: user2: fwqfwq
авг. 27, 2021 11:58:39 PM Server.ClientServerTread run
INFO: Server: Установлено соединение с клиентом /127.0.0.1:23444
авг. 27, 2021 11:58:44 PM Server.ClientServerTread run
INFO: Server: Установлено соединение с клиентом /127.0.0.1:23444
авг. 27, 2021 11:58:48 PM Server.ClientServerTread handShakeServer
INFO: Server: Пользователь user1 подключился
авг. 27, 2021 11:58:54 PM Server.ClientServerTread handShakeServer
INFO: Server: Пользователь user2 подключился
авг. 27, 2021 11:58:58 PM Server.ClientServerTread mainServerLoop
INFO: Server: user1: hi u2
авг. 27, 2021 11:59:03 PM Server.ClientServerTread mainServerLoop
INFO: Server: user2: hi u1
авг. 28, 2021 12:02:29 AM Server.ClientServerTread run
INFO: Server: Установлено соединение с клиентом /127.0.0.1:23444
авг. 28, 2021 12:02:34 AM Server.ClientServerTread handShakeServer
INFO: Server: Пользователь user1 подключился
авг. 28, 2021 12:05:04 AM Server.ClientServerTread run
INFO: Server: Установлено соединение с клиентом /127.0.0.1:23444
авг. 28, 2021 12:05:07 AM Server.ClientServerTread run
INFO: Server: Установлено соединение с клиентом /127.0.0.1:23444
авг. 28, 2021 12:05:15 AM Server.ClientServerTread handShakeServer
INFO: Server: Пользователь user1 подключился
авг. 28, 2021 12:05:19 AM Server.ClientServerTread handShakeServer
INFO: Server: Пользователь user2 подключился
авг. 28, 2021 12:05:24 AM Server.ClientServerTread mainServerLoop
INFO: Server: user1: ertr
авг. 28, 2021 12:05:31 AM Server.ClientServerTread mainServerLoop
INFO: Server: user2: rt456
авг. 28, 2021 12:12:56 AM Server.ClientServerTread run
INFO: Server: Установлено соединение с клиентом /127.0.0.1:23444
авг. 28, 2021 12:12:59 AM Server.ClientServerTread handShakeServer
INFO: Server: Пользователь user1 подключился
авг. 28, 2021 12:13:02 AM Server.ClientServerTread run
INFO: Server: Установлено соединение с клиентом /127.0.0.1:23444
авг. 28, 2021 12:13:05 AM Server.ClientServerTread handShakeServer
INFO: Server: Пользователь user2 подключился
авг. 28, 2021 12:13:10 AM Server.ClientServerTread mainServerLoop
INFO: Server: user1: erter
авг. 28, 2021 12:13:14 AM Server.ClientServerTread mainServerLoop
INFO: Server: user2: etertr
авг. 28, 2021 12:14:03 AM Server.ClientServerTread run
INFO: Server: Установлено соединение с клиентом /127.0.0.1:23444
авг. 28, 2021 12:14:07 AM Server.ClientServerTread handShakeServer
INFO: Server: Пользователь user1 подключился
авг. 28, 2021 12:14:10 AM Server.ClientServerTread run
INFO: Server: Установлено соединение с клиентом /127.0.0.1:23444
авг. 28, 2021 12:14:13 AM Server.ClientServerTread handShakeServer
INFO: Server: Пользователь user2 подключился
авг. 28, 2021 12:14:15 AM Server.ClientServerTread mainServerLoop
INFO: Server: user1: rfrf
авг. 28, 2021 12:14:20 AM Server.ClientServerTread mainServerLoop
INFO: Server: user2: 5454512156
авг. 28, 2021 12:18:52 AM Server.ClientServerTread run
INFO: Server: Установлено соединение с клиентом /127.0.0.1:23444
авг. 28, 2021 12:19:59 AM Server.ClientServerTread run
INFO: Server: Установлено соединение с клиентом /127.0.0.1:23444
